<?xml version="1.0" encoding="UTF-8"?>
<!-- Generated by org.testng.reporters.JUnitReportReporter -->
<testsuite hostname="DESKTOP-T2PM9EQ" failures="0" tests="1" name="testpkg.Redbuslogintest" time="0.104" errors="0" timestamp="2024-04-16T18:14:23 IST" skipped="0">
  <testcase classname="testpkg.Redbuslogintest" name="testLogin" time="0.104"/>
</testsuite> <!-- testpkg.Redbuslogintest -->
